15:02:33.293 [main] INFO  c.c.o.OrderManagementServiceApplication - Starting OrderManagementServiceApplication using Java 17.0.9 with PID 116764 (C:\Users\Serg\AtsonInternship\OrderManagementService\target\classes started by Serg in C:\Users\Serg\AtsonInternship)
15:02:33.299 [main] DEBUG c.c.o.OrderManagementServiceApplication - Running with Spring Boot v3.2.3, Spring v6.1.4
15:02:33.300 [main] INFO  c.c.o.OrderManagementServiceApplication - No active profile set, falling back to 1 default profile: "default"
15:02:33.719 [main] INFO  o.s.d.r.c.RepositoryConfigurationDelegate - Bootstrapping Spring Data JPA repositories in DEFAULT mode.
15:02:33.761 [main] INFO  o.s.d.r.c.RepositoryConfigurationDelegate - Finished Spring Data repository scanning in 36 ms. Found 2 JPA repository interfaces.
15:02:34.119 [main] INFO  o.s.b.w.e.tomcat.TomcatWebServer - Tomcat initialized with port 8081 (http)
15:02:34.127 [main] INFO  o.a.catalina.core.StandardService - Starting service [Tomcat]
15:02:34.127 [main] INFO  o.a.catalina.core.StandardEngine - Starting Servlet engine: [Apache Tomcat/10.1.19]
15:02:34.169 [main] INFO  o.a.c.c.C.[Tomcat].[localhost].[/] - Initializing Spring embedded WebApplicationContext
15:02:34.169 [main] INFO  o.s.b.w.s.c.ServletWebServerApplicationContext - Root WebApplicationContext: initialization completed in 834 ms
15:02:34.256 [main] INFO  com.zaxxer.hikari.HikariDataSource - HikariPool-1 - Starting...
15:02:34.382 [main] INFO  com.zaxxer.hikari.pool.HikariPool - HikariPool-1 - Added connection org.postgresql.jdbc.PgConnection@3dfd6220
15:02:34.384 [main] INFO  com.zaxxer.hikari.HikariDataSource - HikariPool-1 - Start completed.
15:02:34.487 [main] INFO  liquibase.database - Set default schema name to public
15:02:34.586 [main] INFO  liquibase.lockservice - Successfully acquired change log lock
15:02:34.592 [main] INFO  liquibase.command - Dropping Database Objects in schema: order_management.public
15:02:34.704 [main] WARN  liquibase.executor - удаление распространяется на объект ограничение fk_order_item_order_id в отношении таблица order_item
15:02:34.779 [main] INFO  liquibase.database - Successfully deleted all supported object types in schema order_management.public.
15:02:34.786 [main] WARN  liquibase.lockservice - Failed to release change log lock
15:02:34.788 [main] INFO  liquibase.command - Command execution complete
15:02:34.982 [main] INFO  liquibase.changelog - Creating database history table with name: public.databasechangelog
15:02:35.463 [main] INFO  liquibase.changelog - Reading from public.databasechangelog
15:02:35.782 [main] INFO  liquibase.lockservice - Successfully acquired change log lock
15:02:35.783 [main] INFO  liquibase.command - Using deploymentId: 9121755783
15:02:35.784 [main] INFO  liquibase.changelog - Reading from public.databasechangelog
15:02:35.845 [main] INFO  liquibase.changelog - Table order created
15:02:35.846 [main] INFO  liquibase.changelog - ChangeSet db/changelog/db.changelog-master.xml::createOrderTable::admin ran successfully in 49ms
15:02:35.880 [main] INFO  liquibase.changelog - Table order_item created
15:02:35.882 [main] INFO  liquibase.changelog - Foreign key constraint added to order_item (order_id)
15:02:35.883 [main] INFO  liquibase.changelog - ChangeSet db/changelog/db.changelog-master.xml::createOrderItemTable::you ran successfully in 31ms
15:02:35.886 [main] INFO  liquibase.util - UPDATE SUMMARY
15:02:35.887 [main] INFO  liquibase.util - Run:                          2
15:02:35.887 [main] INFO  liquibase.util - Previously run:               0
15:02:35.887 [main] INFO  liquibase.util - Filtered out:                 0
15:02:35.887 [main] INFO  liquibase.util - -------------------------------
15:02:35.887 [main] INFO  liquibase.util - Total change sets:            2
15:02:35.887 [main] INFO  liquibase.util - Update summary generated
15:02:35.888 [main] INFO  liquibase.command - Update command completed successfully.
15:02:35.890 [main] INFO  liquibase.lockservice - Successfully released change log lock
15:02:35.890 [main] INFO  liquibase.command - Command execution complete
15:02:35.939 [main] INFO  o.h.jpa.internal.util.LogHelper - HHH000204: Processing PersistenceUnitInfo [name: default]
15:02:35.978 [main] INFO  org.hibernate.Version - HHH000412: Hibernate ORM core version 6.4.4.Final
15:02:36.006 [main] INFO  o.h.c.i.RegionFactoryInitiator - HHH000026: Second-level cache disabled
15:02:36.180 [main] INFO  o.s.o.j.p.SpringPersistenceUnitInfo - No LoadTimeWeaver setup: ignoring JPA class transformer
15:02:36.902 [main] INFO  o.h.e.t.j.p.i.JtaPlatformInitiator - HHH000489: No JTA platform available (set 'hibernate.transaction.jta.platform' to enable JTA platform integration)
15:02:36.904 [main] INFO  o.s.o.j.LocalContainerEntityManagerFactoryBean - Initialized JPA EntityManagerFactory for persistence unit 'default'
15:02:37.095 [main] WARN  o.s.b.a.o.j.JpaBaseConfiguration$JpaWebConfiguration - spring.jpa.open-in-view is enabled by default. Therefore, database queries may be performed during view rendering. Explicitly configure spring.jpa.open-in-view to disable this warning
15:02:37.253 [main] WARN  o.s.b.w.s.c.AnnotationConfigServletWebServerApplicationContext - Exception encountered during context initialization - cancelling refresh attempt: org.springframework.beans.factory.BeanCreationException: Error creating bean with name 'handlerExceptionResolver' defined in class path resource [org/springframework/boot/autoconfigure/web/servlet/WebMvcAutoConfiguration$EnableWebMvcConfiguration.class]: Failed to instantiate [org.springframework.web.servlet.HandlerExceptionResolver]: Factory method 'handlerExceptionResolver' threw exception with message: Ambiguous @ExceptionHandler method mapped for [class java.lang.RuntimeException]: {public org.springframework.http.ResponseEntity com.company.ordermanagementservice.config.OrderControllerAdvice.handleUpdateException(java.lang.RuntimeException), public org.springframework.http.ResponseEntity com.company.ordermanagementservice.config.OrderControllerAdvice.handleCreationException(java.lang.RuntimeException)}
15:02:37.253 [main] INFO  o.s.o.j.LocalContainerEntityManagerFactoryBean - Closing JPA EntityManagerFactory for persistence unit 'default'
15:02:37.255 [main] INFO  com.zaxxer.hikari.HikariDataSource - HikariPool-1 - Shutdown initiated...
15:02:37.257 [main] INFO  com.zaxxer.hikari.HikariDataSource - HikariPool-1 - Shutdown completed.
15:02:37.259 [main] INFO  o.a.catalina.core.StandardService - Stopping service [Tomcat]
15:02:37.268 [main] INFO  o.s.b.a.l.ConditionEvaluationReportLogger - 

Error starting ApplicationContext. To display the condition evaluation report re-run your application with 'debug' enabled.
15:02:37.280 [main] ERROR o.s.boot.SpringApplication - Application run failed
org.springframework.beans.factory.BeanCreationException: Error creating bean with name 'handlerExceptionResolver' defined in class path resource [org/springframework/boot/autoconfigure/web/servlet/WebMvcAutoConfiguration$EnableWebMvcConfiguration.class]: Failed to instantiate [org.springframework.web.servlet.HandlerExceptionResolver]: Factory method 'handlerExceptionResolver' threw exception with message: Ambiguous @ExceptionHandler method mapped for [class java.lang.RuntimeException]: {public org.springframework.http.ResponseEntity com.company.ordermanagementservice.config.OrderControllerAdvice.handleUpdateException(java.lang.RuntimeException), public org.springframework.http.ResponseEntity com.company.ordermanagementservice.config.OrderControllerAdvice.handleCreationException(java.lang.RuntimeException)}
	at org.springframework.beans.factory.support.ConstructorResolver.instantiate(ConstructorResolver.java:651)
	at org.springframework.beans.factory.support.ConstructorResolver.instantiateUsingFactoryMethod(ConstructorResolver.java:639)
	at org.springframework.beans.factory.support.AbstractAutowireCapableBeanFactory.instantiateUsingFactoryMethod(AbstractAutowireCapableBeanFactory.java:1335)
	at org.springframework.beans.factory.support.AbstractAutowireCapableBeanFactory.createBeanInstance(AbstractAutowireCapableBeanFactory.java:1165)
	at org.springframework.beans.factory.support.AbstractAutowireCapableBeanFactory.doCreateBean(AbstractAutowireCapableBeanFactory.java:562)
	at org.springframework.beans.factory.support.AbstractAutowireCapableBeanFactory.createBean(AbstractAutowireCapableBeanFactory.java:522)
	at org.springframework.beans.factory.support.AbstractBeanFactory.lambda$doGetBean$0(AbstractBeanFactory.java:325)
	at org.springframework.beans.factory.support.DefaultSingletonBeanRegistry.getSingleton(DefaultSingletonBeanRegistry.java:234)
	at org.springframework.beans.factory.support.AbstractBeanFactory.doGetBean(AbstractBeanFactory.java:323)
	at org.springframework.beans.factory.support.AbstractBeanFactory.getBean(AbstractBeanFactory.java:199)
	at org.springframework.beans.factory.support.DefaultListableBeanFactory.preInstantiateSingletons(DefaultListableBeanFactory.java:975)
	at org.springframework.context.support.AbstractApplicationContext.finishBeanFactoryInitialization(AbstractApplicationContext.java:959)
	at org.springframework.context.support.AbstractApplicationContext.refresh(AbstractApplicationContext.java:624)
	at org.springframework.boot.web.servlet.context.ServletWebServerApplicationContext.refresh(ServletWebServerApplicationContext.java:146)
	at org.springframework.boot.SpringApplication.refresh(SpringApplication.java:754)
	at org.springframework.boot.SpringApplication.refreshContext(SpringApplication.java:456)
	at org.springframework.boot.SpringApplication.run(SpringApplication.java:334)
	at org.springframework.boot.SpringApplication.run(SpringApplication.java:1354)
	at org.springframework.boot.SpringApplication.run(SpringApplication.java:1343)
	at com.company.ordermanagementservice.OrderManagementServiceApplication.main(OrderManagementServiceApplication.java:10)
Caused by: org.springframework.beans.BeanInstantiationException: Failed to instantiate [org.springframework.web.servlet.HandlerExceptionResolver]: Factory method 'handlerExceptionResolver' threw exception with message: Ambiguous @ExceptionHandler method mapped for [class java.lang.RuntimeException]: {public org.springframework.http.ResponseEntity com.company.ordermanagementservice.config.OrderControllerAdvice.handleUpdateException(java.lang.RuntimeException), public org.springframework.http.ResponseEntity com.company.ordermanagementservice.config.OrderControllerAdvice.handleCreationException(java.lang.RuntimeException)}
	at org.springframework.beans.factory.support.SimpleInstantiationStrategy.instantiate(SimpleInstantiationStrategy.java:177)
	at org.springframework.beans.factory.support.ConstructorResolver.instantiate(ConstructorResolver.java:647)
	... 19 common frames omitted
Caused by: java.lang.IllegalStateException: Ambiguous @ExceptionHandler method mapped for [class java.lang.RuntimeException]: {public org.springframework.http.ResponseEntity com.company.ordermanagementservice.config.OrderControllerAdvice.handleUpdateException(java.lang.RuntimeException), public org.springframework.http.ResponseEntity com.company.ordermanagementservice.config.OrderControllerAdvice.handleCreationException(java.lang.RuntimeException)}
	at org.springframework.web.method.annotation.ExceptionHandlerMethodResolver.addExceptionMapping(ExceptionHandlerMethodResolver.java:114)
	at org.springframework.web.method.annotation.ExceptionHandlerMethodResolver.<init>(ExceptionHandlerMethodResolver.java:78)
	at org.springframework.web.servlet.mvc.method.annotation.ExceptionHandlerExceptionResolver.initExceptionHandlerAdviceCache(ExceptionHandlerExceptionResolver.java:289)
	at org.springframework.web.servlet.mvc.method.annotation.ExceptionHandlerExceptionResolver.afterPropertiesSet(ExceptionHandlerExceptionResolver.java:256)
	at org.springframework.web.servlet.config.annotation.WebMvcConfigurationSupport.addDefaultHandlerExceptionResolvers(WebMvcConfigurationSupport.java:1063)
	at org.springframework.web.servlet.config.annotation.WebMvcConfigurationSupport.handlerExceptionResolver(WebMvcConfigurationSupport.java:1005)
	at java.base/jdk.internal.reflect.NativeMethodAccessorImpl.invoke0(Native Method)
	at java.base/jdk.internal.reflect.NativeMethodAccessorImpl.invoke(NativeMethodAccessorImpl.java:77)
	at java.base/jdk.internal.reflect.DelegatingMethodAccessorImpl.invoke(DelegatingMethodAccessorImpl.java:43)
	at java.base/java.lang.reflect.Method.invoke(Method.java:568)
	at org.springframework.beans.factory.support.SimpleInstantiationStrategy.instantiate(SimpleInstantiationStrategy.java:140)
	... 20 common frames omitted
15:07:38.900 [main] INFO  c.c.o.OrderManagementServiceApplication - Starting OrderManagementServiceApplication using Java 17.0.9 with PID 124260 (C:\Users\Serg\AtsonInternship\OrderManagementService\target\classes started by Serg in C:\Users\Serg\AtsonInternship)
15:07:38.902 [main] DEBUG c.c.o.OrderManagementServiceApplication - Running with Spring Boot v3.2.3, Spring v6.1.4
15:07:38.903 [main] INFO  c.c.o.OrderManagementServiceApplication - No active profile set, falling back to 1 default profile: "default"
15:07:39.340 [main] INFO  o.s.d.r.c.RepositoryConfigurationDelegate - Bootstrapping Spring Data JPA repositories in DEFAULT mode.
15:07:39.381 [main] INFO  o.s.d.r.c.RepositoryConfigurationDelegate - Finished Spring Data repository scanning in 35 ms. Found 2 JPA repository interfaces.
15:07:39.753 [main] INFO  o.s.b.w.e.tomcat.TomcatWebServer - Tomcat initialized with port 8081 (http)
15:07:39.762 [main] INFO  o.a.catalina.core.StandardService - Starting service [Tomcat]
15:07:39.762 [main] INFO  o.a.catalina.core.StandardEngine - Starting Servlet engine: [Apache Tomcat/10.1.19]
15:07:39.807 [main] INFO  o.a.c.c.C.[Tomcat].[localhost].[/] - Initializing Spring embedded WebApplicationContext
15:07:39.807 [main] INFO  o.s.b.w.s.c.ServletWebServerApplicationContext - Root WebApplicationContext: initialization completed in 859 ms
15:07:39.892 [main] INFO  com.zaxxer.hikari.HikariDataSource - HikariPool-1 - Starting...
15:07:40.021 [main] INFO  com.zaxxer.hikari.pool.HikariPool - HikariPool-1 - Added connection org.postgresql.jdbc.PgConnection@26f0141
15:07:40.022 [main] INFO  com.zaxxer.hikari.HikariDataSource - HikariPool-1 - Start completed.
15:07:40.128 [main] INFO  liquibase.database - Set default schema name to public
15:07:40.214 [main] INFO  liquibase.lockservice - Successfully acquired change log lock
15:07:40.219 [main] INFO  liquibase.command - Dropping Database Objects in schema: order_management.public
15:07:40.336 [main] WARN  liquibase.executor - удаление распространяется на объект ограничение fk_order_item_order_id в отношении таблица order_item
15:07:40.416 [main] INFO  liquibase.database - Successfully deleted all supported object types in schema order_management.public.
15:07:40.422 [main] WARN  liquibase.lockservice - Failed to release change log lock
15:07:40.424 [main] INFO  liquibase.command - Command execution complete
15:07:40.615 [main] INFO  liquibase.changelog - Creating database history table with name: public.databasechangelog
15:07:40.654 [main] INFO  liquibase.changelog - Reading from public.databasechangelog
15:07:40.733 [main] INFO  liquibase.lockservice - Successfully acquired change log lock
15:07:40.734 [main] INFO  liquibase.command - Using deploymentId: 9122060734
15:07:40.735 [main] INFO  liquibase.changelog - Reading from public.databasechangelog
15:07:40.853 [main] INFO  liquibase.changelog - Table order created
15:07:40.854 [main] INFO  liquibase.changelog - ChangeSet db/changelog/db.changelog-master.xml::createOrderTable::admin ran successfully in 100ms
15:07:40.894 [main] INFO  liquibase.changelog - Table order_item created
15:07:40.897 [main] INFO  liquibase.changelog - Foreign key constraint added to order_item (order_id)
15:07:40.898 [main] INFO  liquibase.changelog - ChangeSet db/changelog/db.changelog-master.xml::createOrderItemTable::you ran successfully in 36ms
15:07:40.903 [main] INFO  liquibase.util - UPDATE SUMMARY
15:07:40.903 [main] INFO  liquibase.util - Run:                          2
15:07:40.903 [main] INFO  liquibase.util - Previously run:               0
15:07:40.903 [main] INFO  liquibase.util - Filtered out:                 0
15:07:40.903 [main] INFO  liquibase.util - -------------------------------
15:07:40.903 [main] INFO  liquibase.util - Total change sets:            2
15:07:40.903 [main] INFO  liquibase.util - Update summary generated
15:07:40.904 [main] INFO  liquibase.command - Update command completed successfully.
15:07:40.906 [main] INFO  liquibase.lockservice - Successfully released change log lock
15:07:40.907 [main] INFO  liquibase.command - Command execution complete
15:07:40.956 [main] INFO  o.h.jpa.internal.util.LogHelper - HHH000204: Processing PersistenceUnitInfo [name: default]
15:07:40.996 [main] INFO  org.hibernate.Version - HHH000412: Hibernate ORM core version 6.4.4.Final
15:07:41.021 [main] INFO  o.h.c.i.RegionFactoryInitiator - HHH000026: Second-level cache disabled
15:07:41.207 [main] INFO  o.s.o.j.p.SpringPersistenceUnitInfo - No LoadTimeWeaver setup: ignoring JPA class transformer
15:07:41.954 [main] INFO  o.h.e.t.j.p.i.JtaPlatformInitiator - HHH000489: No JTA platform available (set 'hibernate.transaction.jta.platform' to enable JTA platform integration)
15:07:41.956 [main] INFO  o.s.o.j.LocalContainerEntityManagerFactoryBean - Initialized JPA EntityManagerFactory for persistence unit 'default'
15:07:42.148 [main] WARN  o.s.b.a.o.j.JpaBaseConfiguration$JpaWebConfiguration - spring.jpa.open-in-view is enabled by default. Therefore, database queries may be performed during view rendering. Explicitly configure spring.jpa.open-in-view to disable this warning
15:07:42.452 [main] INFO  o.s.b.w.e.tomcat.TomcatWebServer - Tomcat started on port 8081 (http) with context path ''
15:07:42.459 [main] INFO  c.c.o.OrderManagementServiceApplication - Started OrderManagementServiceApplication in 3.953 seconds (process running for 4.456)
15:11:11.501 [http-nio-8081-exec-2] INFO  o.a.c.c.C.[Tomcat].[localhost].[/] - Initializing Spring DispatcherServlet 'dispatcherServlet'
15:11:11.501 [http-nio-8081-exec-2] INFO  o.s.web.servlet.DispatcherServlet - Initializing Servlet 'dispatcherServlet'
15:11:11.502 [http-nio-8081-exec-2] INFO  o.s.web.servlet.DispatcherServlet - Completed initialization in 1 ms
15:11:11.525 [http-nio-8081-exec-2] INFO  c.c.o.controller.OrderController - GET /api/orders
15:11:11.647 [http-nio-8081-exec-2] WARN  o.h.e.jdbc.spi.SqlExceptionHelper - SQL Error: 0, SQLState: 42601
15:11:11.647 [http-nio-8081-exec-2] ERROR o.h.e.jdbc.spi.SqlExceptionHelper - ОШИБКА: ошибка синтаксиса (примерное положение: "order")
  Позиция: 98
15:11:11.655 [http-nio-8081-exec-2] ERROR c.c.o.config.OrderControllerAdvice - An error occurred while creating a new order: JDBC exception executing SQL [select o1_0.id,o1_0.payment_status,o1_0.registration_date,o1_0.shipment_status,o1_0.user_id from order o1_0] [ОШИБКА: ошибка синтаксиса (примерное положение: "order")
  Позиция: 98] [n/a]; SQL [n/a]
15:14:01.994 [SpringApplicationShutdownHook] INFO  o.s.o.j.LocalContainerEntityManagerFactoryBean - Closing JPA EntityManagerFactory for persistence unit 'default'
15:14:01.995 [SpringApplicationShutdownHook] INFO  com.zaxxer.hikari.HikariDataSource - HikariPool-1 - Shutdown initiated...
15:14:01.998 [SpringApplicationShutdownHook] INFO  com.zaxxer.hikari.HikariDataSource - HikariPool-1 - Shutdown completed.
15:16:29.045 [main] INFO  c.c.o.OrderManagementServiceApplication - Starting OrderManagementServiceApplication using Java 17.0.9 with PID 124912 (C:\Users\Serg\AtsonInternship\OrderManagementService\target\classes started by Serg in C:\Users\Serg\AtsonInternship)
15:16:29.046 [main] DEBUG c.c.o.OrderManagementServiceApplication - Running with Spring Boot v3.2.3, Spring v6.1.4
15:16:29.047 [main] INFO  c.c.o.OrderManagementServiceApplication - No active profile set, falling back to 1 default profile: "default"
15:16:29.457 [main] INFO  o.s.d.r.c.RepositoryConfigurationDelegate - Bootstrapping Spring Data JPA repositories in DEFAULT mode.
15:16:29.498 [main] INFO  o.s.d.r.c.RepositoryConfigurationDelegate - Finished Spring Data repository scanning in 36 ms. Found 2 JPA repository interfaces.
15:16:29.860 [main] INFO  o.s.b.w.e.tomcat.TomcatWebServer - Tomcat initialized with port 8081 (http)
15:16:29.869 [main] INFO  o.a.catalina.core.StandardService - Starting service [Tomcat]
15:16:29.869 [main] INFO  o.a.catalina.core.StandardEngine - Starting Servlet engine: [Apache Tomcat/10.1.19]
15:16:29.910 [main] INFO  o.a.c.c.C.[Tomcat].[localhost].[/] - Initializing Spring embedded WebApplicationContext
15:16:29.910 [main] INFO  o.s.b.w.s.c.ServletWebServerApplicationContext - Root WebApplicationContext: initialization completed in 834 ms
15:16:30.006 [main] INFO  com.zaxxer.hikari.HikariDataSource - HikariPool-1 - Starting...
15:16:30.147 [main] INFO  com.zaxxer.hikari.pool.HikariPool - HikariPool-1 - Added connection org.postgresql.jdbc.PgConnection@34136bd1
15:16:30.148 [main] INFO  com.zaxxer.hikari.HikariDataSource - HikariPool-1 - Start completed.
15:16:30.255 [main] INFO  liquibase.database - Set default schema name to public
15:16:30.354 [main] INFO  liquibase.lockservice - Successfully acquired change log lock
15:16:30.360 [main] INFO  liquibase.command - Dropping Database Objects in schema: order_management.public
15:16:30.471 [main] WARN  liquibase.executor - удаление распространяется на объект ограничение fk_order_item_order_id в отношении таблица order_item
15:16:30.547 [main] INFO  liquibase.database - Successfully deleted all supported object types in schema order_management.public.
15:16:30.554 [main] WARN  liquibase.lockservice - Failed to release change log lock
15:16:30.556 [main] INFO  liquibase.command - Command execution complete
15:16:30.746 [main] INFO  liquibase.changelog - Creating database history table with name: public.databasechangelog
15:16:30.789 [main] INFO  liquibase.changelog - Reading from public.databasechangelog
15:16:30.853 [main] INFO  liquibase.lockservice - Successfully acquired change log lock
15:16:30.854 [main] INFO  liquibase.command - Using deploymentId: 9122590853
15:16:30.855 [main] INFO  liquibase.changelog - Reading from public.databasechangelog
15:16:30.908 [main] INFO  liquibase.changelog - Table orders created
15:16:30.909 [main] INFO  liquibase.changelog - ChangeSet db/changelog/db.changelog-master.xml::createOrderTable::admin ran successfully in 39ms
15:16:30.921 [main] INFO  liquibase.changelog - Table order_items created
15:16:30.923 [main] INFO  liquibase.changelog - Foreign key constraint added to order_items (order_id)
15:16:30.924 [main] INFO  liquibase.changelog - ChangeSet db/changelog/db.changelog-master.xml::createOrderItemTable::admin ran successfully in 9ms
15:16:30.927 [main] INFO  liquibase.util - UPDATE SUMMARY
15:16:30.928 [main] INFO  liquibase.util - Run:                          2
15:16:30.928 [main] INFO  liquibase.util - Previously run:               0
15:16:30.928 [main] INFO  liquibase.util - Filtered out:                 0
15:16:30.928 [main] INFO  liquibase.util - -------------------------------
15:16:30.928 [main] INFO  liquibase.util - Total change sets:            2
15:16:30.928 [main] INFO  liquibase.util - Update summary generated
15:16:30.929 [main] INFO  liquibase.command - Update command completed successfully.
15:16:30.931 [main] INFO  liquibase.lockservice - Successfully released change log lock
15:16:30.931 [main] INFO  liquibase.command - Command execution complete
15:16:30.977 [main] INFO  o.h.jpa.internal.util.LogHelper - HHH000204: Processing PersistenceUnitInfo [name: default]
15:16:31.020 [main] INFO  org.hibernate.Version - HHH000412: Hibernate ORM core version 6.4.4.Final
15:16:31.047 [main] INFO  o.h.c.i.RegionFactoryInitiator - HHH000026: Second-level cache disabled
15:16:31.222 [main] INFO  o.s.o.j.p.SpringPersistenceUnitInfo - No LoadTimeWeaver setup: ignoring JPA class transformer
15:16:31.933 [main] INFO  o.h.e.t.j.p.i.JtaPlatformInitiator - HHH000489: No JTA platform available (set 'hibernate.transaction.jta.platform' to enable JTA platform integration)
15:16:31.935 [main] INFO  o.s.o.j.LocalContainerEntityManagerFactoryBean - Initialized JPA EntityManagerFactory for persistence unit 'default'
15:16:32.128 [main] WARN  o.s.b.a.o.j.JpaBaseConfiguration$JpaWebConfiguration - spring.jpa.open-in-view is enabled by default. Therefore, database queries may be performed during view rendering. Explicitly configure spring.jpa.open-in-view to disable this warning
15:16:32.438 [main] INFO  o.s.b.w.e.tomcat.TomcatWebServer - Tomcat started on port 8081 (http) with context path ''
15:16:32.446 [main] INFO  c.c.o.OrderManagementServiceApplication - Started OrderManagementServiceApplication in 3.757 seconds (process running for 4.255)
15:16:37.706 [http-nio-8081-exec-2] INFO  o.a.c.c.C.[Tomcat].[localhost].[/] - Initializing Spring DispatcherServlet 'dispatcherServlet'
15:16:37.706 [http-nio-8081-exec-2] INFO  o.s.web.servlet.DispatcherServlet - Initializing Servlet 'dispatcherServlet'
15:16:37.708 [http-nio-8081-exec-2] INFO  o.s.web.servlet.DispatcherServlet - Completed initialization in 1 ms
15:16:37.731 [http-nio-8081-exec-2] INFO  c.c.o.controller.OrderController - GET /api/orders
15:16:37.838 [http-nio-8081-exec-2] INFO  c.c.o.service.impl.OrderServiceImpl - Retrieved 0 orders from the database
15:17:59.123 [http-nio-8081-exec-5] INFO  c.c.o.controller.OrderController - POST /api/orders: OrderDTO(id=null, userId=1, items=null, paymentStatus=PENDING, shipmentStatus=NOT_SHIPPED, registrationDate=null)
15:17:59.125 [http-nio-8081-exec-5] ERROR c.c.o.config.OrderControllerAdvice - An error occurred while creating a new order: Cannot invoke "java.util.List.stream()" because the return value of "com.company.ordermanagementservice.dto.OrderDTO.getItems()" is null
15:18:28.927 [http-nio-8081-exec-3] INFO  c.c.o.controller.OrderController - POST /api/orders: OrderDTO(id=null, userId=1, items=[], paymentStatus=PENDING, shipmentStatus=NOT_SHIPPED, registrationDate=null)
15:18:28.963 [http-nio-8081-exec-3] WARN  o.h.e.jdbc.spi.SqlExceptionHelper - SQL Error: 0, SQLState: 23502
15:18:28.963 [http-nio-8081-exec-3] ERROR o.h.e.jdbc.spi.SqlExceptionHelper - ОШИБКА: значение NULL в столбце "id" отношения "orders" нарушает ограничение NOT NULL
  Подробности: Ошибочная строка содержит (null, 1, PENDING, NOT_SHIPPED, 2024-02-28 15:18:28.950119).
15:18:28.970 [http-nio-8081-exec-3] ERROR c.c.o.config.OrderControllerAdvice - An error occurred while creating a new order: could not execute statement [ОШИБКА: значение NULL в столбце "id" отношения "orders" нарушает ограничение NOT NULL
  Подробности: Ошибочная строка содержит (null, 1, PENDING, NOT_SHIPPED, 2024-02-28 15:18:28.950119).] [insert into orders (payment_status,registration_date,shipment_status,user_id) values (?,?,?,?)]; SQL [insert into orders (payment_status,registration_date,shipment_status,user_id) values (?,?,?,?)]; constraint [null]
15:21:43.700 [SpringApplicationShutdownHook] INFO  o.s.o.j.LocalContainerEntityManagerFactoryBean - Closing JPA EntityManagerFactory for persistence unit 'default'
15:21:43.702 [SpringApplicationShutdownHook] INFO  com.zaxxer.hikari.HikariDataSource - HikariPool-1 - Shutdown initiated...
15:21:43.707 [SpringApplicationShutdownHook] INFO  com.zaxxer.hikari.HikariDataSource - HikariPool-1 - Shutdown completed.
15:21:45.754 [main] INFO  c.c.o.OrderManagementServiceApplication - Starting OrderManagementServiceApplication using Java 17.0.9 with PID 116056 (C:\Users\Serg\AtsonInternship\OrderManagementService\target\classes started by Serg in C:\Users\Serg\AtsonInternship)
15:21:45.756 [main] DEBUG c.c.o.OrderManagementServiceApplication - Running with Spring Boot v3.2.3, Spring v6.1.4
15:21:45.756 [main] INFO  c.c.o.OrderManagementServiceApplication - No active profile set, falling back to 1 default profile: "default"
15:21:46.162 [main] INFO  o.s.d.r.c.RepositoryConfigurationDelegate - Bootstrapping Spring Data JPA repositories in DEFAULT mode.
15:21:46.205 [main] INFO  o.s.d.r.c.RepositoryConfigurationDelegate - Finished Spring Data repository scanning in 36 ms. Found 2 JPA repository interfaces.
15:21:46.570 [main] INFO  o.s.b.w.e.tomcat.TomcatWebServer - Tomcat initialized with port 8081 (http)
15:21:46.578 [main] INFO  o.a.catalina.core.StandardService - Starting service [Tomcat]
15:21:46.579 [main] INFO  o.a.catalina.core.StandardEngine - Starting Servlet engine: [Apache Tomcat/10.1.19]
15:21:46.620 [main] INFO  o.a.c.c.C.[Tomcat].[localhost].[/] - Initializing Spring embedded WebApplicationContext
15:21:46.620 [main] INFO  o.s.b.w.s.c.ServletWebServerApplicationContext - Root WebApplicationContext: initialization completed in 832 ms
15:21:46.706 [main] INFO  com.zaxxer.hikari.HikariDataSource - HikariPool-1 - Starting...
15:21:46.939 [main] INFO  com.zaxxer.hikari.pool.HikariPool - HikariPool-1 - Added connection org.postgresql.jdbc.PgConnection@11f23038
15:21:46.940 [main] INFO  com.zaxxer.hikari.HikariDataSource - HikariPool-1 - Start completed.
15:21:47.040 [main] INFO  liquibase.database - Set default schema name to public
15:21:47.129 [main] INFO  liquibase.lockservice - Successfully acquired change log lock
15:21:47.134 [main] INFO  liquibase.command - Dropping Database Objects in schema: order_management.public
15:21:47.321 [main] INFO  liquibase.database - Successfully deleted all supported object types in schema order_management.public.
15:21:47.329 [main] WARN  liquibase.lockservice - Failed to release change log lock
15:21:47.330 [main] INFO  liquibase.command - Command execution complete
15:21:47.505 [main] INFO  liquibase.changelog - Creating database history table with name: public.databasechangelog
15:21:47.519 [main] INFO  liquibase.changelog - Reading from public.databasechangelog
15:21:47.576 [main] INFO  liquibase.lockservice - Successfully acquired change log lock
15:21:47.576 [main] INFO  liquibase.command - Using deploymentId: 9122907576
15:21:47.577 [main] INFO  liquibase.changelog - Reading from public.databasechangelog
15:21:47.623 [main] INFO  liquibase.changelog - Table orders created
15:21:47.623 [main] INFO  liquibase.changelog - ChangeSet db/changelog/db.changelog-master.xml::createOrderTable::admin ran successfully in 28ms
15:21:47.659 [main] INFO  liquibase.changelog - Table order_items created
15:21:47.661 [main] INFO  liquibase.changelog - Foreign key constraint added to order_items (order_id)
15:21:47.662 [main] INFO  liquibase.changelog - ChangeSet db/changelog/db.changelog-master.xml::createOrderItemTable::admin ran successfully in 33ms
15:21:47.666 [main] INFO  liquibase.util - UPDATE SUMMARY
15:21:47.666 [main] INFO  liquibase.util - Run:                          2
15:21:47.666 [main] INFO  liquibase.util - Previously run:               0
15:21:47.666 [main] INFO  liquibase.util - Filtered out:                 0
15:21:47.666 [main] INFO  liquibase.util - -------------------------------
15:21:47.666 [main] INFO  liquibase.util - Total change sets:            2
15:21:47.666 [main] INFO  liquibase.util - Update summary generated
15:21:47.667 [main] INFO  liquibase.command - Update command completed successfully.
15:21:47.669 [main] INFO  liquibase.lockservice - Successfully released change log lock
15:21:47.669 [main] INFO  liquibase.command - Command execution complete
15:21:47.717 [main] INFO  o.h.jpa.internal.util.LogHelper - HHH000204: Processing PersistenceUnitInfo [name: default]
15:21:47.758 [main] INFO  org.hibernate.Version - HHH000412: Hibernate ORM core version 6.4.4.Final
15:21:47.785 [main] INFO  o.h.c.i.RegionFactoryInitiator - HHH000026: Second-level cache disabled
15:21:47.965 [main] INFO  o.s.o.j.p.SpringPersistenceUnitInfo - No LoadTimeWeaver setup: ignoring JPA class transformer
15:21:48.680 [main] INFO  o.h.e.t.j.p.i.JtaPlatformInitiator - HHH000489: No JTA platform available (set 'hibernate.transaction.jta.platform' to enable JTA platform integration)
15:21:48.682 [main] INFO  o.s.o.j.LocalContainerEntityManagerFactoryBean - Initialized JPA EntityManagerFactory for persistence unit 'default'
15:21:48.869 [main] WARN  o.s.b.a.o.j.JpaBaseConfiguration$JpaWebConfiguration - spring.jpa.open-in-view is enabled by default. Therefore, database queries may be performed during view rendering. Explicitly configure spring.jpa.open-in-view to disable this warning
15:21:49.163 [main] INFO  o.s.b.w.e.tomcat.TomcatWebServer - Tomcat started on port 8081 (http) with context path ''
15:21:49.170 [main] INFO  c.c.o.OrderManagementServiceApplication - Started OrderManagementServiceApplication in 3.746 seconds (process running for 4.253)
15:21:53.787 [http-nio-8081-exec-2] INFO  o.a.c.c.C.[Tomcat].[localhost].[/] - Initializing Spring DispatcherServlet 'dispatcherServlet'
15:21:53.787 [http-nio-8081-exec-2] INFO  o.s.web.servlet.DispatcherServlet - Initializing Servlet 'dispatcherServlet'
15:21:53.788 [http-nio-8081-exec-2] INFO  o.s.web.servlet.DispatcherServlet - Completed initialization in 1 ms
15:21:53.869 [http-nio-8081-exec-2] INFO  c.c.o.controller.OrderController - POST /api/orders: OrderDTO(id=null, userId=1, items=[], paymentStatus=PENDING, shipmentStatus=NOT_SHIPPED, registrationDate=null)
15:21:53.920 [http-nio-8081-exec-2] INFO  c.c.o.service.impl.OrderServiceImpl - Created new order with id: 1
15:23:37.990 [http-nio-8081-exec-5] ERROR c.c.o.config.OrderControllerAdvice - An error occurred while creating a new order: JSON parse error: Cannot deserialize value of type `java.math.BigInteger` from String "название товара": not a valid representation
15:30:16.206 [SpringApplicationShutdownHook] INFO  o.s.o.j.LocalContainerEntityManagerFactoryBean - Closing JPA EntityManagerFactory for persistence unit 'default'
15:30:16.208 [SpringApplicationShutdownHook] INFO  com.zaxxer.hikari.HikariDataSource - HikariPool-1 - Shutdown initiated...
15:30:16.211 [SpringApplicationShutdownHook] INFO  com.zaxxer.hikari.HikariDataSource - HikariPool-1 - Shutdown completed.
15:32:55.379 [main] INFO  c.c.o.OrderManagementServiceApplication - Starting OrderManagementServiceApplication using Java 17.0.9 with PID 124176 (C:\Users\Serg\AtsonInternship\OrderManagementService\target\classes started by Serg in C:\Users\Serg\AtsonInternship)
15:32:55.380 [main] DEBUG c.c.o.OrderManagementServiceApplication - Running with Spring Boot v3.2.3, Spring v6.1.4
15:32:55.381 [main] INFO  c.c.o.OrderManagementServiceApplication - No active profile set, falling back to 1 default profile: "default"
15:32:55.814 [main] INFO  o.s.d.r.c.RepositoryConfigurationDelegate - Bootstrapping Spring Data JPA repositories in DEFAULT mode.
15:32:55.857 [main] INFO  o.s.d.r.c.RepositoryConfigurationDelegate - Finished Spring Data repository scanning in 38 ms. Found 2 JPA repository interfaces.
15:32:56.231 [main] INFO  o.s.b.w.e.tomcat.TomcatWebServer - Tomcat initialized with port 8081 (http)
15:32:56.239 [main] INFO  o.a.catalina.core.StandardService - Starting service [Tomcat]
15:32:56.239 [main] INFO  o.a.catalina.core.StandardEngine - Starting Servlet engine: [Apache Tomcat/10.1.19]
15:32:56.279 [main] INFO  o.a.c.c.C.[Tomcat].[localhost].[/] - Initializing Spring embedded WebApplicationContext
15:32:56.279 [main] INFO  o.s.b.w.s.c.ServletWebServerApplicationContext - Root WebApplicationContext: initialization completed in 866 ms
15:32:56.368 [main] INFO  com.zaxxer.hikari.HikariDataSource - HikariPool-1 - Starting...
15:32:56.496 [main] INFO  com.zaxxer.hikari.pool.HikariPool - HikariPool-1 - Added connection org.postgresql.jdbc.PgConnection@11f23038
15:32:56.497 [main] INFO  com.zaxxer.hikari.HikariDataSource - HikariPool-1 - Start completed.
15:32:56.598 [main] INFO  liquibase.database - Set default schema name to public
15:32:56.684 [main] INFO  liquibase.lockservice - Successfully acquired change log lock
15:32:56.689 [main] INFO  liquibase.command - Dropping Database Objects in schema: order_management.public
15:32:56.877 [main] INFO  liquibase.database - Successfully deleted all supported object types in schema order_management.public.
15:32:56.884 [main] WARN  liquibase.lockservice - Failed to release change log lock
15:32:56.886 [main] INFO  liquibase.command - Command execution complete
15:32:57.067 [main] INFO  liquibase.changelog - Creating database history table with name: public.databasechangelog
15:32:57.100 [main] INFO  liquibase.changelog - Reading from public.databasechangelog
15:32:57.159 [main] INFO  liquibase.lockservice - Successfully acquired change log lock
15:32:57.160 [main] INFO  liquibase.command - Using deploymentId: 9123577159
15:32:57.161 [main] INFO  liquibase.changelog - Reading from public.databasechangelog
15:32:57.234 [main] INFO  liquibase.changelog - Table orders created
15:32:57.235 [main] INFO  liquibase.changelog - ChangeSet db/changelog/db.changelog-master.xml::createOrderTable::admin ran successfully in 57ms
15:32:57.261 [main] INFO  liquibase.changelog - Table order_items created
15:32:57.263 [main] INFO  liquibase.changelog - Foreign key constraint added to order_items (order_id)
15:32:57.264 [main] INFO  liquibase.changelog - ChangeSet db/changelog/db.changelog-master.xml::createOrderItemTable::admin ran successfully in 24ms
15:32:57.267 [main] INFO  liquibase.util - UPDATE SUMMARY
15:32:57.268 [main] INFO  liquibase.util - Run:                          2
15:32:57.268 [main] INFO  liquibase.util - Previously run:               0
15:32:57.268 [main] INFO  liquibase.util - Filtered out:                 0
15:32:57.268 [main] INFO  liquibase.util - -------------------------------
15:32:57.268 [main] INFO  liquibase.util - Total change sets:            2
15:32:57.268 [main] INFO  liquibase.util - Update summary generated
15:32:57.269 [main] INFO  liquibase.command - Update command completed successfully.
15:32:57.271 [main] INFO  liquibase.lockservice - Successfully released change log lock
15:32:57.271 [main] INFO  liquibase.command - Command execution complete
15:32:57.323 [main] INFO  o.h.jpa.internal.util.LogHelper - HHH000204: Processing PersistenceUnitInfo [name: default]
15:32:57.366 [main] INFO  org.hibernate.Version - HHH000412: Hibernate ORM core version 6.4.4.Final
15:32:57.395 [main] INFO  o.h.c.i.RegionFactoryInitiator - HHH000026: Second-level cache disabled
15:32:57.573 [main] INFO  o.s.o.j.p.SpringPersistenceUnitInfo - No LoadTimeWeaver setup: ignoring JPA class transformer
15:32:58.275 [main] INFO  o.h.e.t.j.p.i.JtaPlatformInitiator - HHH000489: No JTA platform available (set 'hibernate.transaction.jta.platform' to enable JTA platform integration)
15:32:58.278 [main] INFO  o.s.o.j.LocalContainerEntityManagerFactoryBean - Initialized JPA EntityManagerFactory for persistence unit 'default'
15:32:58.467 [main] WARN  o.s.b.a.o.j.JpaBaseConfiguration$JpaWebConfiguration - spring.jpa.open-in-view is enabled by default. Therefore, database queries may be performed during view rendering. Explicitly configure spring.jpa.open-in-view to disable this warning
15:32:58.764 [main] INFO  o.s.b.w.e.tomcat.TomcatWebServer - Tomcat started on port 8081 (http) with context path ''
15:32:58.771 [main] INFO  c.c.o.OrderManagementServiceApplication - Started OrderManagementServiceApplication in 3.766 seconds (process running for 4.254)
15:33:11.460 [http-nio-8081-exec-1] INFO  o.a.c.c.C.[Tomcat].[localhost].[/] - Initializing Spring DispatcherServlet 'dispatcherServlet'
15:33:11.460 [http-nio-8081-exec-1] INFO  o.s.web.servlet.DispatcherServlet - Initializing Servlet 'dispatcherServlet'
15:33:11.461 [http-nio-8081-exec-1] INFO  o.s.web.servlet.DispatcherServlet - Completed initialization in 1 ms
15:33:11.540 [http-nio-8081-exec-1] INFO  c.c.o.controller.OrderItemController - POST /api/orderItems: OrderItemDTO(id=null, itemName=null, quantity=2)
15:33:11.568 [http-nio-8081-exec-1] WARN  o.h.e.jdbc.spi.SqlExceptionHelper - SQL Error: 0, SQLState: 42P01
15:33:11.568 [http-nio-8081-exec-1] ERROR o.h.e.jdbc.spi.SqlExceptionHelper - ОШИБКА: отношение "order_item" не существует
  Позиция: 13
15:33:11.577 [http-nio-8081-exec-1] ERROR c.c.o.config.OrderControllerAdvice - An error occurred while creating a new order: could not execute statement [ОШИБКА: отношение "order_item" не существует
  Позиция: 13] [insert into order_item (item_name,quantity) values (?,?)]; SQL [insert into order_item (item_name,quantity) values (?,?)]
15:34:10.828 [SpringApplicationShutdownHook] INFO  o.s.o.j.LocalContainerEntityManagerFactoryBean - Closing JPA EntityManagerFactory for persistence unit 'default'
15:34:10.830 [SpringApplicationShutdownHook] INFO  com.zaxxer.hikari.HikariDataSource - HikariPool-1 - Shutdown initiated...
15:34:10.836 [SpringApplicationShutdownHook] INFO  com.zaxxer.hikari.HikariDataSource - HikariPool-1 - Shutdown completed.
15:34:12.787 [main] INFO  c.c.o.OrderManagementServiceApplication - Starting OrderManagementServiceApplication using Java 17.0.9 with PID 123404 (C:\Users\Serg\AtsonInternship\OrderManagementService\target\classes started by Serg in C:\Users\Serg\AtsonInternship)
15:34:12.789 [main] DEBUG c.c.o.OrderManagementServiceApplication - Running with Spring Boot v3.2.3, Spring v6.1.4
15:34:12.789 [main] INFO  c.c.o.OrderManagementServiceApplication - No active profile set, falling back to 1 default profile: "default"
15:34:13.229 [main] INFO  o.s.d.r.c.RepositoryConfigurationDelegate - Bootstrapping Spring Data JPA repositories in DEFAULT mode.
15:34:13.269 [main] INFO  o.s.d.r.c.RepositoryConfigurationDelegate - Finished Spring Data repository scanning in 35 ms. Found 2 JPA repository interfaces.
15:34:13.647 [main] INFO  o.s.b.w.e.tomcat.TomcatWebServer - Tomcat initialized with port 8081 (http)
15:34:13.656 [main] INFO  o.a.catalina.core.StandardService - Starting service [Tomcat]
15:34:13.657 [main] INFO  o.a.catalina.core.StandardEngine - Starting Servlet engine: [Apache Tomcat/10.1.19]
15:34:13.699 [main] INFO  o.a.c.c.C.[Tomcat].[localhost].[/] - Initializing Spring embedded WebApplicationContext
15:34:13.699 [main] INFO  o.s.b.w.s.c.ServletWebServerApplicationContext - Root WebApplicationContext: initialization completed in 873 ms
15:34:13.788 [main] INFO  com.zaxxer.hikari.HikariDataSource - HikariPool-1 - Starting...
15:34:13.923 [main] INFO  com.zaxxer.hikari.pool.HikariPool - HikariPool-1 - Added connection org.postgresql.jdbc.PgConnection@8b13d91
15:34:13.925 [main] INFO  com.zaxxer.hikari.HikariDataSource - HikariPool-1 - Start completed.
15:34:14.029 [main] INFO  liquibase.database - Set default schema name to public
15:34:14.126 [main] INFO  liquibase.lockservice - Successfully acquired change log lock
15:34:14.131 [main] INFO  liquibase.command - Dropping Database Objects in schema: order_management.public
15:34:14.324 [main] INFO  liquibase.database - Successfully deleted all supported object types in schema order_management.public.
15:34:14.332 [main] WARN  liquibase.lockservice - Failed to release change log lock
15:34:14.334 [main] INFO  liquibase.command - Command execution complete
15:34:14.507 [main] INFO  liquibase.changelog - Creating database history table with name: public.databasechangelog
15:34:14.554 [main] INFO  liquibase.changelog - Reading from public.databasechangelog
15:34:14.652 [main] INFO  liquibase.lockservice - Successfully acquired change log lock
15:34:14.653 [main] INFO  liquibase.command - Using deploymentId: 9123654653
15:34:14.654 [main] INFO  liquibase.changelog - Reading from public.databasechangelog
15:34:14.791 [main] INFO  liquibase.changelog - Table orders created
15:34:14.792 [main] INFO  liquibase.changelog - ChangeSet db/changelog/db.changelog-master.xml::createOrderTable::admin ran successfully in 126ms
15:34:14.833 [main] INFO  liquibase.changelog - Table order_items created
15:34:14.834 [main] INFO  liquibase.changelog - ChangeSet db/changelog/db.changelog-master.xml::createOrderItemTable::admin ran successfully in 35ms
15:34:14.837 [main] INFO  liquibase.util - UPDATE SUMMARY
15:34:14.838 [main] INFO  liquibase.util - Run:                          2
15:34:14.838 [main] INFO  liquibase.util - Previously run:               0
15:34:14.838 [main] INFO  liquibase.util - Filtered out:                 0
15:34:14.838 [main] INFO  liquibase.util - -------------------------------
15:34:14.838 [main] INFO  liquibase.util - Total change sets:            2
15:34:14.838 [main] INFO  liquibase.util - Update summary generated
15:34:14.840 [main] INFO  liquibase.command - Update command completed successfully.
15:34:14.842 [main] INFO  liquibase.lockservice - Successfully released change log lock
15:34:14.842 [main] INFO  liquibase.command - Command execution complete
15:34:14.894 [main] INFO  o.h.jpa.internal.util.LogHelper - HHH000204: Processing PersistenceUnitInfo [name: default]
15:34:14.932 [main] INFO  org.hibernate.Version - HHH000412: Hibernate ORM core version 6.4.4.Final
15:34:14.958 [main] INFO  o.h.c.i.RegionFactoryInitiator - HHH000026: Second-level cache disabled
15:34:15.131 [main] INFO  o.s.o.j.p.SpringPersistenceUnitInfo - No LoadTimeWeaver setup: ignoring JPA class transformer
15:34:15.823 [main] INFO  o.h.e.t.j.p.i.JtaPlatformInitiator - HHH000489: No JTA platform available (set 'hibernate.transaction.jta.platform' to enable JTA platform integration)
15:34:15.826 [main] INFO  o.s.o.j.LocalContainerEntityManagerFactoryBean - Initialized JPA EntityManagerFactory for persistence unit 'default'
15:34:16.011 [main] WARN  o.s.b.a.o.j.JpaBaseConfiguration$JpaWebConfiguration - spring.jpa.open-in-view is enabled by default. Therefore, database queries may be performed during view rendering. Explicitly configure spring.jpa.open-in-view to disable this warning
15:34:16.305 [main] INFO  o.s.b.w.e.tomcat.TomcatWebServer - Tomcat started on port 8081 (http) with context path ''
15:34:16.312 [main] INFO  c.c.o.OrderManagementServiceApplication - Started OrderManagementServiceApplication in 3.906 seconds (process running for 4.438)
15:34:18.281 [http-nio-8081-exec-1] INFO  o.a.c.c.C.[Tomcat].[localhost].[/] - Initializing Spring DispatcherServlet 'dispatcherServlet'
15:34:18.281 [http-nio-8081-exec-1] INFO  o.s.web.servlet.DispatcherServlet - Initializing Servlet 'dispatcherServlet'
15:34:18.282 [http-nio-8081-exec-1] INFO  o.s.web.servlet.DispatcherServlet - Completed initialization in 0 ms
15:34:18.362 [http-nio-8081-exec-1] INFO  c.c.o.controller.OrderItemController - POST /api/orderItems: OrderItemDTO(id=null, itemName=null, quantity=2)
15:34:18.392 [http-nio-8081-exec-1] WARN  o.h.e.jdbc.spi.SqlExceptionHelper - SQL Error: 0, SQLState: 42P01
15:34:18.393 [http-nio-8081-exec-1] ERROR o.h.e.jdbc.spi.SqlExceptionHelper - ОШИБКА: отношение "order_item" не существует
  Позиция: 13
15:34:18.401 [http-nio-8081-exec-1] ERROR c.c.o.config.OrderControllerAdvice - An error occurred while creating a new order: could not execute statement [ОШИБКА: отношение "order_item" не существует
  Позиция: 13] [insert into order_item (item_name,quantity) values (?,?)]; SQL [insert into order_item (item_name,quantity) values (?,?)]
15:36:26.101 [SpringApplicationShutdownHook] INFO  o.s.o.j.LocalContainerEntityManagerFactoryBean - Closing JPA EntityManagerFactory for persistence unit 'default'
15:36:26.103 [SpringApplicationShutdownHook] INFO  com.zaxxer.hikari.HikariDataSource - HikariPool-1 - Shutdown initiated...
15:36:26.105 [SpringApplicationShutdownHook] INFO  com.zaxxer.hikari.HikariDataSource - HikariPool-1 - Shutdown completed.
15:36:29.189 [main] INFO  c.c.o.OrderManagementServiceApplication - Starting OrderManagementServiceApplication using Java 17.0.9 with PID 128636 (C:\Users\Serg\AtsonInternship\OrderManagementService\target\classes started by Serg in C:\Users\Serg\AtsonInternship)
15:36:29.191 [main] DEBUG c.c.o.OrderManagementServiceApplication - Running with Spring Boot v3.2.3, Spring v6.1.4
15:36:29.191 [main] INFO  c.c.o.OrderManagementServiceApplication - No active profile set, falling back to 1 default profile: "default"
15:36:29.609 [main] INFO  o.s.d.r.c.RepositoryConfigurationDelegate - Bootstrapping Spring Data JPA repositories in DEFAULT mode.
15:36:29.649 [main] INFO  o.s.d.r.c.RepositoryConfigurationDelegate - Finished Spring Data repository scanning in 35 ms. Found 2 JPA repository interfaces.
15:36:30.007 [main] INFO  o.s.b.w.e.tomcat.TomcatWebServer - Tomcat initialized with port 8081 (http)
15:36:30.016 [main] INFO  o.a.catalina.core.StandardService - Starting service [Tomcat]
15:36:30.016 [main] INFO  o.a.catalina.core.StandardEngine - Starting Servlet engine: [Apache Tomcat/10.1.19]
15:36:30.057 [main] INFO  o.a.c.c.C.[Tomcat].[localhost].[/] - Initializing Spring embedded WebApplicationContext
15:36:30.057 [main] INFO  o.s.b.w.s.c.ServletWebServerApplicationContext - Root WebApplicationContext: initialization completed in 831 ms
15:36:30.140 [main] INFO  com.zaxxer.hikari.HikariDataSource - HikariPool-1 - Starting...
15:36:30.268 [main] INFO  com.zaxxer.hikari.pool.HikariPool - HikariPool-1 - Added connection org.postgresql.jdbc.PgConnection@8b13d91
15:36:30.269 [main] INFO  com.zaxxer.hikari.HikariDataSource - HikariPool-1 - Start completed.
15:36:30.370 [main] INFO  liquibase.database - Set default schema name to public
15:36:30.456 [main] INFO  liquibase.lockservice - Successfully acquired change log lock
15:36:30.461 [main] INFO  liquibase.command - Dropping Database Objects in schema: order_management.public
15:36:30.651 [main] INFO  liquibase.database - Successfully deleted all supported object types in schema order_management.public.
15:36:30.658 [main] WARN  liquibase.lockservice - Failed to release change log lock
15:36:30.660 [main] INFO  liquibase.command - Command execution complete
15:36:30.839 [main] INFO  liquibase.changelog - Creating database history table with name: public.databasechangelog
15:36:30.868 [main] INFO  liquibase.changelog - Reading from public.databasechangelog
15:36:30.918 [main] INFO  liquibase.lockservice - Successfully acquired change log lock
15:36:30.919 [main] INFO  liquibase.command - Using deploymentId: 9123790919
15:36:30.920 [main] INFO  liquibase.changelog - Reading from public.databasechangelog
15:36:31.002 [main] INFO  liquibase.changelog - Table orders created
15:36:31.012 [main] ERROR liquibase.changelog - ChangeSet db/changelog/db.changelog-master.xml::createOrderTable::admin encountered an exception.
15:36:31.015 [main] INFO  liquibase.command - Update command encountered an exception.
15:36:31.016 [main] INFO  liquibase.lockservice - Successfully released change log lock
15:36:31.016 [main] INFO  liquibase.command - Command execution complete
15:36:31.017 [main] WARN  o.s.b.w.s.c.AnnotationConfigServletWebServerApplicationContext - Exception encountered during context initialization - cancelling refresh attempt: org.springframework.beans.factory.BeanCreationException: Error creating bean with name 'liquibase' defined in class path resource [org/springframework/boot/autoconfigure/liquibase/LiquibaseAutoConfiguration$LiquibaseConfiguration.class]: liquibase.exception.LiquibaseException: liquibase.exception.MigrationFailedException: Migration failed for changeset db/changelog/db.changelog-master.xml::createOrderTable::admin:
     Reason: liquibase.exception.DatabaseException: ОШИБКА: отношение "public.order_items" не существует [Failed SQL: (0) ALTER TABLE public.orders ADD CONSTRAINT "FK_order_id" FOREIGN KEY (id) REFERENCES public.order_items (order_id)]
15:36:31.018 [main] INFO  com.zaxxer.hikari.HikariDataSource - HikariPool-1 - Shutdown initiated...
15:36:31.020 [main] INFO  com.zaxxer.hikari.HikariDataSource - HikariPool-1 - Shutdown completed.
15:36:31.023 [main] INFO  o.a.catalina.core.StandardService - Stopping service [Tomcat]
15:36:31.031 [main] INFO  o.s.b.a.l.ConditionEvaluationReportLogger - 

Error starting ApplicationContext. To display the condition evaluation report re-run your application with 'debug' enabled.
15:36:31.044 [main] ERROR o.s.boot.SpringApplication - Application run failed
org.springframework.beans.factory.BeanCreationException: Error creating bean with name 'liquibase' defined in class path resource [org/springframework/boot/autoconfigure/liquibase/LiquibaseAutoConfiguration$LiquibaseConfiguration.class]: liquibase.exception.LiquibaseException: liquibase.exception.MigrationFailedException: Migration failed for changeset db/changelog/db.changelog-master.xml::createOrderTable::admin:
     Reason: liquibase.exception.DatabaseException: ОШИБКА: отношение "public.order_items" не существует [Failed SQL: (0) ALTER TABLE public.orders ADD CONSTRAINT "FK_order_id" FOREIGN KEY (id) REFERENCES public.order_items (order_id)]
	at org.springframework.beans.factory.support.AbstractAutowireCapableBeanFactory.initializeBean(AbstractAutowireCapableBeanFactory.java:1786)
	at org.springframework.beans.factory.support.AbstractAutowireCapableBeanFactory.doCreateBean(AbstractAutowireCapableBeanFactory.java:600)
	at org.springframework.beans.factory.support.AbstractAutowireCapableBeanFactory.createBean(AbstractAutowireCapableBeanFactory.java:522)
	at org.springframework.beans.factory.support.AbstractBeanFactory.lambda$doGetBean$0(AbstractBeanFactory.java:325)
	at org.springframework.beans.factory.support.DefaultSingletonBeanRegistry.getSingleton(DefaultSingletonBeanRegistry.java:234)
	at org.springframework.beans.factory.support.AbstractBeanFactory.doGetBean(AbstractBeanFactory.java:323)
	at org.springframework.beans.factory.support.AbstractBeanFactory.getBean(AbstractBeanFactory.java:199)
	at org.springframework.beans.factory.support.AbstractBeanFactory.doGetBean(AbstractBeanFactory.java:312)
	at org.springframework.beans.factory.support.AbstractBeanFactory.getBean(AbstractBeanFactory.java:199)
	at org.springframework.context.support.AbstractApplicationContext.getBean(AbstractApplicationContext.java:1231)
	at org.springframework.context.support.AbstractApplicationContext.finishBeanFactoryInitialization(AbstractApplicationContext.java:949)
	at org.springframework.context.support.AbstractApplicationContext.refresh(AbstractApplicationContext.java:624)
	at org.springframework.boot.web.servlet.context.ServletWebServerApplicationContext.refresh(ServletWebServerApplicationContext.java:146)
	at org.springframework.boot.SpringApplication.refresh(SpringApplication.java:754)
	at org.springframework.boot.SpringApplication.refreshContext(SpringApplication.java:456)
	at org.springframework.boot.SpringApplication.run(SpringApplication.java:334)
	at org.springframework.boot.SpringApplication.run(SpringApplication.java:1354)
	at org.springframework.boot.SpringApplication.run(SpringApplication.java:1343)
	at com.company.ordermanagementservice.OrderManagementServiceApplication.main(OrderManagementServiceApplication.java:10)
Caused by: liquibase.exception.CommandExecutionException: liquibase.exception.LiquibaseException: liquibase.exception.MigrationFailedException: Migration failed for changeset db/changelog/db.changelog-master.xml::createOrderTable::admin:
     Reason: liquibase.exception.DatabaseException: ОШИБКА: отношение "public.order_items" не существует [Failed SQL: (0) ALTER TABLE public.orders ADD CONSTRAINT "FK_order_id" FOREIGN KEY (id) REFERENCES public.order_items (order_id)]
	at liquibase.command.CommandScope.execute(CommandScope.java:237)
	at liquibase.Liquibase.lambda$update$0(Liquibase.java:222)
	at liquibase.Scope.lambda$child$0(Scope.java:184)
	at liquibase.Scope.child(Scope.java:193)
	at liquibase.Scope.child(Scope.java:183)
	at liquibase.Scope.child(Scope.java:162)
	at liquibase.Liquibase.runInScope(Liquibase.java:1371)
	at liquibase.Liquibase.update(Liquibase.java:211)
	at liquibase.Liquibase.update(Liquibase.java:193)
	at liquibase.integration.spring.SpringLiquibase.performUpdate(SpringLiquibase.java:331)
	at liquibase.integration.spring.SpringLiquibase.afterPropertiesSet(SpringLiquibase.java:286)
	at org.springframework.beans.factory.support.AbstractAutowireCapableBeanFactory.invokeInitMethods(AbstractAutowireCapableBeanFactory.java:1833)
	at org.springframework.beans.factory.support.AbstractAutowireCapableBeanFactory.initializeBean(AbstractAutowireCapableBeanFactory.java:1782)
	... 18 common frames omitted
Caused by: liquibase.exception.LiquibaseException: liquibase.exception.MigrationFailedException: Migration failed for changeset db/changelog/db.changelog-master.xml::createOrderTable::admin:
     Reason: liquibase.exception.DatabaseException: ОШИБКА: отношение "public.order_items" не существует [Failed SQL: (0) ALTER TABLE public.orders ADD CONSTRAINT "FK_order_id" FOREIGN KEY (id) REFERENCES public.order_items (order_id)]
	at liquibase.changelog.ChangeLogIterator.run(ChangeLogIterator.java:122)
	at liquibase.command.core.AbstractUpdateCommandStep.lambda$doRun$1(AbstractUpdateCommandStep.java:105)
	at liquibase.Scope.lambda$child$0(Scope.java:184)
	at liquibase.Scope.child(Scope.java:193)
	at liquibase.Scope.child(Scope.java:183)
	at liquibase.Scope.child(Scope.java:162)
	at liquibase.command.core.AbstractUpdateCommandStep.doRun(AbstractUpdateCommandStep.java:104)
	at liquibase.command.core.AbstractUpdateCommandStep.lambda$run$0(AbstractUpdateCommandStep.java:63)
	at liquibase.Scope.lambda$child$0(Scope.java:184)
	at liquibase.Scope.child(Scope.java:193)
	at liquibase.Scope.child(Scope.java:183)
	at liquibase.Scope.child(Scope.java:162)
	at liquibase.command.core.AbstractUpdateCommandStep.run(AbstractUpdateCommandStep.java:62)
	at liquibase.command.core.UpdateCommandStep.run(UpdateCommandStep.java:106)
	at liquibase.command.CommandScope.execute(CommandScope.java:214)
	... 30 common frames omitted
Caused by: liquibase.exception.MigrationFailedException: Migration failed for changeset db/changelog/db.changelog-master.xml::createOrderTable::admin:
     Reason: liquibase.exception.DatabaseException: ОШИБКА: отношение "public.order_items" не существует [Failed SQL: (0) ALTER TABLE public.orders ADD CONSTRAINT "FK_order_id" FOREIGN KEY (id) REFERENCES public.order_items (order_id)]
	at liquibase.changelog.ChangeSet.execute(ChangeSet.java:785)
	at liquibase.changelog.visitor.UpdateVisitor.executeAcceptedChange(UpdateVisitor.java:118)
	at liquibase.changelog.visitor.UpdateVisitor.visit(UpdateVisitor.java:68)
	at liquibase.changelog.ChangeLogIterator$2.lambda$run$0(ChangeLogIterator.java:110)
	at liquibase.Scope.lambda$child$0(Scope.java:184)
	at liquibase.Scope.child(Scope.java:193)
	at liquibase.Scope.child(Scope.java:183)
	at liquibase.Scope.child(Scope.java:162)
	at liquibase.Scope.child(Scope.java:250)
	at liquibase.changelog.ChangeLogIterator$2.run(ChangeLogIterator.java:100)
	at liquibase.Scope.lambda$child$0(Scope.java:184)
	at liquibase.Scope.child(Scope.java:193)
	at liquibase.Scope.child(Scope.java:183)
	at liquibase.Scope.child(Scope.java:162)
	at liquibase.Scope.child(Scope.java:250)
	at liquibase.Scope.child(Scope.java:254)
	at liquibase.changelog.ChangeLogIterator.run(ChangeLogIterator.java:74)
	... 44 common frames omitted
Caused by: liquibase.exception.DatabaseException: ОШИБКА: отношение "public.order_items" не существует [Failed SQL: (0) ALTER TABLE public.orders ADD CONSTRAINT "FK_order_id" FOREIGN KEY (id) REFERENCES public.order_items (order_id)]
	at liquibase.executor.jvm.JdbcExecutor$ExecuteStatementCallback.doInStatement(JdbcExecutor.java:468)
	at liquibase.executor.jvm.JdbcExecutor.execute(JdbcExecutor.java:77)
	at liquibase.executor.jvm.JdbcExecutor.execute(JdbcExecutor.java:177)
	at liquibase.database.AbstractJdbcDatabase.execute(AbstractJdbcDatabase.java:1291)
	at liquibase.database.AbstractJdbcDatabase.executeStatements(AbstractJdbcDatabase.java:1273)
	at liquibase.changelog.ChangeSet.execute(ChangeSet.java:744)
	... 60 common frames omitted
Caused by: org.postgresql.util.PSQLException: ОШИБКА: отношение "public.order_items" не существует
	at org.postgresql.core.v3.QueryExecutorImpl.receiveErrorResponse(QueryExecutorImpl.java:2713)
	at org.postgresql.core.v3.QueryExecutorImpl.processResults(QueryExecutorImpl.java:2401)
	at org.postgresql.core.v3.QueryExecutorImpl.execute(QueryExecutorImpl.java:368)
	at org.postgresql.jdbc.PgStatement.executeInternal(PgStatement.java:498)
	at org.postgresql.jdbc.PgStatement.execute(PgStatement.java:415)
	at org.postgresql.jdbc.PgStatement.executeWithFlags(PgStatement.java:335)
	at org.postgresql.jdbc.PgStatement.executeCachedSql(PgStatement.java:321)
	at org.postgresql.jdbc.PgStatement.executeWithFlags(PgStatement.java:297)
	at org.postgresql.jdbc.PgStatement.execute(PgStatement.java:292)
	at com.zaxxer.hikari.pool.ProxyStatement.execute(ProxyStatement.java:94)
	at com.zaxxer.hikari.pool.HikariProxyStatement.execute(HikariProxyStatement.java)
	at liquibase.executor.jvm.JdbcExecutor$ExecuteStatementCallback.doInStatement(JdbcExecutor.java:462)
	... 65 common frames omitted
15:38:51.220 [main] INFO  c.c.o.OrderManagementServiceApplication - Starting OrderManagementServiceApplication using Java 17.0.9 with PID 128424 (C:\Users\Serg\AtsonInternship\OrderManagementService\target\classes started by Serg in C:\Users\Serg\AtsonInternship)
15:38:51.221 [main] DEBUG c.c.o.OrderManagementServiceApplication - Running with Spring Boot v3.2.3, Spring v6.1.4
15:38:51.222 [main] INFO  c.c.o.OrderManagementServiceApplication - No active profile set, falling back to 1 default profile: "default"
15:38:51.650 [main] INFO  o.s.d.r.c.RepositoryConfigurationDelegate - Bootstrapping Spring Data JPA repositories in DEFAULT mode.
15:38:51.696 [main] INFO  o.s.d.r.c.RepositoryConfigurationDelegate - Finished Spring Data repository scanning in 40 ms. Found 2 JPA repository interfaces.
15:38:52.062 [main] INFO  o.s.b.w.e.tomcat.TomcatWebServer - Tomcat initialized with port 8081 (http)
15:38:52.070 [main] INFO  o.a.catalina.core.StandardService - Starting service [Tomcat]
15:38:52.070 [main] INFO  o.a.catalina.core.StandardEngine - Starting Servlet engine: [Apache Tomcat/10.1.19]
15:38:52.111 [main] INFO  o.a.c.c.C.[Tomcat].[localhost].[/] - Initializing Spring embedded WebApplicationContext
15:38:52.111 [main] INFO  o.s.b.w.s.c.ServletWebServerApplicationContext - Root WebApplicationContext: initialization completed in 850 ms
15:38:52.198 [main] INFO  com.zaxxer.hikari.HikariDataSource - HikariPool-1 - Starting...
15:38:52.326 [main] INFO  com.zaxxer.hikari.pool.HikariPool - HikariPool-1 - Added connection org.postgresql.jdbc.PgConnection@6de7778f
15:38:52.327 [main] INFO  com.zaxxer.hikari.HikariDataSource - HikariPool-1 - Start completed.
15:38:52.432 [main] INFO  liquibase.database - Set default schema name to public
15:38:52.519 [main] INFO  liquibase.lockservice - Successfully acquired change log lock
15:38:52.524 [main] INFO  liquibase.command - Dropping Database Objects in schema: order_management.public
15:38:52.709 [main] INFO  liquibase.database - Successfully deleted all supported object types in schema order_management.public.
15:38:52.752 [main] WARN  liquibase.lockservice - Failed to release change log lock
15:38:52.754 [main] INFO  liquibase.command - Command execution complete
15:38:52.965 [main] INFO  liquibase.changelog - Creating database history table with name: public.databasechangelog
15:38:52.976 [main] INFO  liquibase.changelog - Reading from public.databasechangelog
15:38:53.029 [main] INFO  liquibase.lockservice - Successfully acquired change log lock
15:38:53.029 [main] INFO  liquibase.command - Using deploymentId: 9123933029
15:38:53.030 [main] INFO  liquibase.changelog - Reading from public.databasechangelog
15:38:53.114 [main] INFO  liquibase.changelog - Table orders created
15:38:53.115 [main] INFO  liquibase.changelog - ChangeSet db/changelog/db.changelog-master.xml::createOrderTable::admin ran successfully in 69ms
15:38:53.153 [main] INFO  liquibase.changelog - Table order_items created
15:38:53.156 [main] ERROR liquibase.changelog - ChangeSet db/changelog/db.changelog-master.xml::createOrderItemTable::admin encountered an exception.
15:38:53.158 [main] INFO  liquibase.command - Update command encountered an exception.
15:38:53.160 [main] INFO  liquibase.lockservice - Successfully released change log lock
15:38:53.160 [main] INFO  liquibase.command - Command execution complete
15:38:53.162 [main] WARN  o.s.b.w.s.c.AnnotationConfigServletWebServerApplicationContext - Exception encountered during context initialization - cancelling refresh attempt: org.springframework.beans.factory.BeanCreationException: Error creating bean with name 'liquibase' defined in class path resource [org/springframework/boot/autoconfigure/liquibase/LiquibaseAutoConfiguration$LiquibaseConfiguration.class]: liquibase.exception.LiquibaseException: liquibase.exception.MigrationFailedException: Migration failed for changeset db/changelog/db.changelog-master.xml::createOrderItemTable::admin:
     Reason: liquibase.exception.DatabaseException: ОШИБКА: столбец "order_id", указанный в ограничении внешнего ключа, не существует [Failed SQL: (0) ALTER TABLE public.orders ADD CONSTRAINT "FK_order_id" FOREIGN KEY (id) REFERENCES public.order_items (order_id)]
15:38:53.162 [main] INFO  com.zaxxer.hikari.HikariDataSource - HikariPool-1 - Shutdown initiated...
15:38:53.165 [main] INFO  com.zaxxer.hikari.HikariDataSource - HikariPool-1 - Shutdown completed.
15:38:53.168 [main] INFO  o.a.catalina.core.StandardService - Stopping service [Tomcat]
15:38:53.178 [main] INFO  o.s.b.a.l.ConditionEvaluationReportLogger - 

Error starting ApplicationContext. To display the condition evaluation report re-run your application with 'debug' enabled.
15:38:53.194 [main] ERROR o.s.boot.SpringApplication - Application run failed
org.springframework.beans.factory.BeanCreationException: Error creating bean with name 'liquibase' defined in class path resource [org/springframework/boot/autoconfigure/liquibase/LiquibaseAutoConfiguration$LiquibaseConfiguration.class]: liquibase.exception.LiquibaseException: liquibase.exception.MigrationFailedException: Migration failed for changeset db/changelog/db.changelog-master.xml::createOrderItemTable::admin:
     Reason: liquibase.exception.DatabaseException: ОШИБКА: столбец "order_id", указанный в ограничении внешнего ключа, не существует [Failed SQL: (0) ALTER TABLE public.orders ADD CONSTRAINT "FK_order_id" FOREIGN KEY (id) REFERENCES public.order_items (order_id)]
	at org.springframework.beans.factory.support.AbstractAutowireCapableBeanFactory.initializeBean(AbstractAutowireCapableBeanFactory.java:1786)
	at org.springframework.beans.factory.support.AbstractAutowireCapableBeanFactory.doCreateBean(AbstractAutowireCapableBeanFactory.java:600)
	at org.springframework.beans.factory.support.AbstractAutowireCapableBeanFactory.createBean(AbstractAutowireCapableBeanFactory.java:522)
	at org.springframework.beans.factory.support.AbstractBeanFactory.lambda$doGetBean$0(AbstractBeanFactory.java:325)
	at org.springframework.beans.factory.support.DefaultSingletonBeanRegistry.getSingleton(DefaultSingletonBeanRegistry.java:234)
	at org.springframework.beans.factory.support.AbstractBeanFactory.doGetBean(AbstractBeanFactory.java:323)
	at org.springframework.beans.factory.support.AbstractBeanFactory.getBean(AbstractBeanFactory.java:199)
	at org.springframework.beans.factory.support.AbstractBeanFactory.doGetBean(AbstractBeanFactory.java:312)
	at org.springframework.beans.factory.support.AbstractBeanFactory.getBean(AbstractBeanFactory.java:199)
	at org.springframework.context.support.AbstractApplicationContext.getBean(AbstractApplicationContext.java:1231)
	at org.springframework.context.support.AbstractApplicationContext.finishBeanFactoryInitialization(AbstractApplicationContext.java:949)
	at org.springframework.context.support.AbstractApplicationContext.refresh(AbstractApplicationContext.java:624)
	at org.springframework.boot.web.servlet.context.ServletWebServerApplicationContext.refresh(ServletWebServerApplicationContext.java:146)
	at org.springframework.boot.SpringApplication.refresh(SpringApplication.java:754)
	at org.springframework.boot.SpringApplication.refreshContext(SpringApplication.java:456)
	at org.springframework.boot.SpringApplication.run(SpringApplication.java:334)
	at org.springframework.boot.SpringApplication.run(SpringApplication.java:1354)
	at org.springframework.boot.SpringApplication.run(SpringApplication.java:1343)
	at com.company.ordermanagementservice.OrderManagementServiceApplication.main(OrderManagementServiceApplication.java:10)
Caused by: liquibase.exception.CommandExecutionException: liquibase.exception.LiquibaseException: liquibase.exception.MigrationFailedException: Migration failed for changeset db/changelog/db.changelog-master.xml::createOrderItemTable::admin:
     Reason: liquibase.exception.DatabaseException: ОШИБКА: столбец "order_id", указанный в ограничении внешнего ключа, не существует [Failed SQL: (0) ALTER TABLE public.orders ADD CONSTRAINT "FK_order_id" FOREIGN KEY (id) REFERENCES public.order_items (order_id)]
	at liquibase.command.CommandScope.execute(CommandScope.java:237)
	at liquibase.Liquibase.lambda$update$0(Liquibase.java:222)
	at liquibase.Scope.lambda$child$0(Scope.java:184)
	at liquibase.Scope.child(Scope.java:193)
	at liquibase.Scope.child(Scope.java:183)
	at liquibase.Scope.child(Scope.java:162)
	at liquibase.Liquibase.runInScope(Liquibase.java:1371)
	at liquibase.Liquibase.update(Liquibase.java:211)
	at liquibase.Liquibase.update(Liquibase.java:193)
	at liquibase.integration.spring.SpringLiquibase.performUpdate(SpringLiquibase.java:331)
	at liquibase.integration.spring.SpringLiquibase.afterPropertiesSet(SpringLiquibase.java:286)
	at org.springframework.beans.factory.support.AbstractAutowireCapableBeanFactory.invokeInitMethods(AbstractAutowireCapableBeanFactory.java:1833)
	at org.springframework.beans.factory.support.AbstractAutowireCapableBeanFactory.initializeBean(AbstractAutowireCapableBeanFactory.java:1782)
	... 18 common frames omitted
Caused by: liquibase.exception.LiquibaseException: liquibase.exception.MigrationFailedException: Migration failed for changeset db/changelog/db.changelog-master.xml::createOrderItemTable::admin:
     Reason: liquibase.exception.DatabaseException: ОШИБКА: столбец "order_id", указанный в ограничении внешнего ключа, не существует [Failed SQL: (0) ALTER TABLE public.orders ADD CONSTRAINT "FK_order_id" FOREIGN KEY (id) REFERENCES public.order_items (order_id)]
	at liquibase.changelog.ChangeLogIterator.run(ChangeLogIterator.java:122)
	at liquibase.command.core.AbstractUpdateCommandStep.lambda$doRun$1(AbstractUpdateCommandStep.java:105)
	at liquibase.Scope.lambda$child$0(Scope.java:184)
	at liquibase.Scope.child(Scope.java:193)
	at liquibase.Scope.child(Scope.java:183)
	at liquibase.Scope.child(Scope.java:162)
	at liquibase.command.core.AbstractUpdateCommandStep.doRun(AbstractUpdateCommandStep.java:104)
	at liquibase.command.core.AbstractUpdateCommandStep.lambda$run$0(AbstractUpdateCommandStep.java:63)
	at liquibase.Scope.lambda$child$0(Scope.java:184)
	at liquibase.Scope.child(Scope.java:193)
	at liquibase.Scope.child(Scope.java:183)
	at liquibase.Scope.child(Scope.java:162)
	at liquibase.command.core.AbstractUpdateCommandStep.run(AbstractUpdateCommandStep.java:62)
	at liquibase.command.core.UpdateCommandStep.run(UpdateCommandStep.java:106)
	at liquibase.command.CommandScope.execute(CommandScope.java:214)
	... 30 common frames omitted
Caused by: liquibase.exception.MigrationFailedException: Migration failed for changeset db/changelog/db.changelog-master.xml::createOrderItemTable::admin:
     Reason: liquibase.exception.DatabaseException: ОШИБКА: столбец "order_id", указанный в ограничении внешнего ключа, не существует [Failed SQL: (0) ALTER TABLE public.orders ADD CONSTRAINT "FK_order_id" FOREIGN KEY (id) REFERENCES public.order_items (order_id)]
	at liquibase.changelog.ChangeSet.execute(ChangeSet.java:785)
	at liquibase.changelog.visitor.UpdateVisitor.executeAcceptedChange(UpdateVisitor.java:118)
	at liquibase.changelog.visitor.UpdateVisitor.visit(UpdateVisitor.java:68)
	at liquibase.changelog.ChangeLogIterator$2.lambda$run$0(ChangeLogIterator.java:110)
	at liquibase.Scope.lambda$child$0(Scope.java:184)
	at liquibase.Scope.child(Scope.java:193)
	at liquibase.Scope.child(Scope.java:183)
	at liquibase.Scope.child(Scope.java:162)
	at liquibase.Scope.child(Scope.java:250)
	at liquibase.changelog.ChangeLogIterator$2.run(ChangeLogIterator.java:100)
	at liquibase.Scope.lambda$child$0(Scope.java:184)
	at liquibase.Scope.child(Scope.java:193)
	at liquibase.Scope.child(Scope.java:183)
	at liquibase.Scope.child(Scope.java:162)
	at liquibase.Scope.child(Scope.java:250)
	at liquibase.Scope.child(Scope.java:254)
	at liquibase.changelog.ChangeLogIterator.run(ChangeLogIterator.java:74)
	... 44 common frames omitted
Caused by: liquibase.exception.DatabaseException: ОШИБКА: столбец "order_id", указанный в ограничении внешнего ключа, не существует [Failed SQL: (0) ALTER TABLE public.orders ADD CONSTRAINT "FK_order_id" FOREIGN KEY (id) REFERENCES public.order_items (order_id)]
	at liquibase.executor.jvm.JdbcExecutor$ExecuteStatementCallback.doInStatement(JdbcExecutor.java:468)
	at liquibase.executor.jvm.JdbcExecutor.execute(JdbcExecutor.java:77)
	at liquibase.executor.jvm.JdbcExecutor.execute(JdbcExecutor.java:177)
	at liquibase.database.AbstractJdbcDatabase.execute(AbstractJdbcDatabase.java:1291)
	at liquibase.database.AbstractJdbcDatabase.executeStatements(AbstractJdbcDatabase.java:1273)
	at liquibase.changelog.ChangeSet.execute(ChangeSet.java:744)
	... 60 common frames omitted
Caused by: org.postgresql.util.PSQLException: ОШИБКА: столбец "order_id", указанный в ограничении внешнего ключа, не существует
	at org.postgresql.core.v3.QueryExecutorImpl.receiveErrorResponse(QueryExecutorImpl.java:2713)
	at org.postgresql.core.v3.QueryExecutorImpl.processResults(QueryExecutorImpl.java:2401)
	at org.postgresql.core.v3.QueryExecutorImpl.execute(QueryExecutorImpl.java:368)
	at org.postgresql.jdbc.PgStatement.executeInternal(PgStatement.java:498)
	at org.postgresql.jdbc.PgStatement.execute(PgStatement.java:415)
	at org.postgresql.jdbc.PgStatement.executeWithFlags(PgStatement.java:335)
	at org.postgresql.jdbc.PgStatement.executeCachedSql(PgStatement.java:321)
	at org.postgresql.jdbc.PgStatement.executeWithFlags(PgStatement.java:297)
	at org.postgresql.jdbc.PgStatement.execute(PgStatement.java:292)
	at com.zaxxer.hikari.pool.ProxyStatement.execute(ProxyStatement.java:94)
	at com.zaxxer.hikari.pool.HikariProxyStatement.execute(HikariProxyStatement.java)
	at liquibase.executor.jvm.JdbcExecutor$ExecuteStatementCallback.doInStatement(JdbcExecutor.java:462)
	... 65 common frames omitted
